Build started 01/01/2014 21:43:47.
     1>Project "C:\Users\Daniel\Documents\Visual Studio 2010\Projects\MusicPlayer\MusicPlayer\MusicPlayer.vcxproj" on node 2 (build target(s)).
     1>InitializeBuildStatus:
         Creating "Debug\MusicPlayer.unsuccessfulbuild" because "AlwaysCreate" was specified.
       ClCompile:
         C:\Program Files (x86)\Microsoft Visual Studio 10.0\VC\bin\CL.exe /c /I"C:\SFML-2.1\include" /Zi /nologo /W3 /WX- /Od /Oy- /D SFML_STATIC /D _MBCS /Gm /EHsc /RTC1 /MDd /GS /fp:precise /Zc:wchar_t /Zc:forScope /Fo"Debug\\" /Fd"Debug\vc100.pdb" /Gd /TP /analyze- /errorReport:prompt MusicPlayer.cpp
         MusicPlayer.cpp
     1>c:\users\daniel\documents\visual studio 2010\projects\musicplayer\musicplayer\musicplayer.cpp(76): warning C4715: 'MusicPlayer::createState' : not all control paths return a value
       Link:
         C:\Program Files (x86)\Microsoft Visual Studio 10.0\VC\bin\link.exe /ERRORREPORT:PROMPT /OUT:"C:\Users\Daniel\Documents\Visual Studio 2010\Projects\MusicPlayer\Debug\MusicPlayer.exe" /NOLOGO /LIBPATH:"C:\SFML-2.1\lib" "sfml-graphics-s-d.lib" "sfml-window-s-d.lib" "sfml-system-s-d.lib" "sfml-network-s-d.lib" "sfml-audio-s-d.lib" kernel32.lib user32.lib gdi32.lib winspool.lib comdlg32.lib advapi32.lib shell32.lib ole32.lib oleaut32.lib uuid.lib odbc32.lib odbccp32.lib /MANIFEST /ManifestFile:"Debug\MusicPlayer.exe.intermediate.manifest" /MANIFESTUAC:"level='asInvoker' uiAccess='false'" /DEBUG /PDB:"C:\Users\Daniel\Documents\Visual Studio 2010\Projects\MusicPlayer\Debug\MusicPlayer.pdb" /TLBID:1 /DYNAMICBASE /NXCOMPAT /IMPLIB:"C:\Users\Daniel\Documents\Visual Studio 2010\Projects\MusicPlayer\Debug\MusicPlayer.lib" /MACHINE:X86 Debug\Input.obj
         Debug\I_Subject.obj
         Debug\main.obj
         Debug\MainMenuState.obj
         Debug\MenuComponentBuilder.obj
         Debug\MenuComponentText.obj
         Debug\MenuComponentTexture.obj
         Debug\MenuState.obj
         Debug\MusicPlayer.obj
         Debug\PlaySongCompVisitor.obj
         Debug\Song.obj
         Debug\SongGroup.obj
         Debug\SongsMenuState.obj
         LINK : C:\Users\Daniel\Documents\Visual Studio 2010\Projects\MusicPlayer\Debug\MusicPlayer.exe not found or not built by the last incremental link; performing full link
     1>sfml-graphics-s-d.lib(Color.cpp.obj) : warning LNK4099: PDB 'sfml-graphics-s-d.pdb' was not found with 'sfml-graphics-s-d.lib(Color.cpp.obj)' or at 'C:\Users\Daniel\Documents\Visual Studio 2010\Projects\MusicPlayer\Debug\sfml-graphics-s-d.pdb'; linking object as if no debug info
     1>sfml-graphics-s-d.lib(Font.cpp.obj) : warning LNK4099: PDB 'sfml-graphics-s-d.pdb' was not found with 'sfml-graphics-s-d.lib(Font.cpp.obj)' or at 'C:\Users\Daniel\Documents\Visual Studio 2010\Projects\MusicPlayer\Debug\sfml-graphics-s-d.pdb'; linking object as if no debug info
     1>sfml-graphics-s-d.lib(GLCheck.cpp.obj) : warning LNK4099: PDB 'sfml-graphics-s-d.pdb' was not found with 'sfml-graphics-s-d.lib(GLCheck.cpp.obj)' or at 'C:\Users\Daniel\Documents\Visual Studio 2010\Projects\MusicPlayer\Debug\sfml-graphics-s-d.pdb'; linking object as if no debug info
     1>sfml-graphics-s-d.lib(Image.cpp.obj) : warning LNK4099: PDB 'sfml-graphics-s-d.pdb' was not found with 'sfml-graphics-s-d.lib(Image.cpp.obj)' or at 'C:\Users\Daniel\Documents\Visual Studio 2010\Projects\MusicPlayer\Debug\sfml-graphics-s-d.pdb'; linking object as if no debug info
     1>sfml-graphics-s-d.lib(ImageLoader.cpp.obj) : warning LNK4099: PDB 'sfml-graphics-s-d.pdb' was not found with 'sfml-graphics-s-d.lib(ImageLoader.cpp.obj)' or at 'C:\Users\Daniel\Documents\Visual Studio 2010\Projects\MusicPlayer\Debug\sfml-graphics-s-d.pdb'; linking object as if no debug info
     1>sfml-graphics-s-d.lib(RenderStates.cpp.obj) : warning LNK4099: PDB 'sfml-graphics-s-d.pdb' was not found with 'sfml-graphics-s-d.lib(RenderStates.cpp.obj)' or at 'C:\Users\Daniel\Documents\Visual Studio 2010\Projects\MusicPlayer\Debug\sfml-graphics-s-d.pdb'; linking object as if no debug info
     1>sfml-graphics-s-d.lib(RenderTarget.cpp.obj) : warning LNK4099: PDB 'sfml-graphics-s-d.pdb' was not found with 'sfml-graphics-s-d.lib(RenderTarget.cpp.obj)' or at 'C:\Users\Daniel\Documents\Visual Studio 2010\Projects\MusicPlayer\Debug\sfml-graphics-s-d.pdb'; linking object as if no debug info
     1>sfml-graphics-s-d.lib(RenderWindow.cpp.obj) : warning LNK4099: PDB 'sfml-graphics-s-d.pdb' was not found with 'sfml-graphics-s-d.lib(RenderWindow.cpp.obj)' or at 'C:\Users\Daniel\Documents\Visual Studio 2010\Projects\MusicPlayer\Debug\sfml-graphics-s-d.pdb'; linking object as if no debug info
     1>sfml-graphics-s-d.lib(Shader.cpp.obj) : warning LNK4099: PDB 'sfml-graphics-s-d.pdb' was not found with 'sfml-graphics-s-d.lib(Shader.cpp.obj)' or at 'C:\Users\Daniel\Documents\Visual Studio 2010\Projects\MusicPlayer\Debug\sfml-graphics-s-d.pdb'; linking object as if no debug info
     1>sfml-graphics-s-d.lib(Texture.cpp.obj) : warning LNK4099: PDB 'sfml-graphics-s-d.pdb' was not found with 'sfml-graphics-s-d.lib(Texture.cpp.obj)' or at 'C:\Users\Daniel\Documents\Visual Studio 2010\Projects\MusicPlayer\Debug\sfml-graphics-s-d.pdb'; linking object as if no debug info
     1>sfml-graphics-s-d.lib(TextureSaver.cpp.obj) : warning LNK4099: PDB 'sfml-graphics-s-d.pdb' was not found with 'sfml-graphics-s-d.lib(TextureSaver.cpp.obj)' or at 'C:\Users\Daniel\Documents\Visual Studio 2010\Projects\MusicPlayer\Debug\sfml-graphics-s-d.pdb'; linking object as if no debug info
     1>sfml-graphics-s-d.lib(Transform.cpp.obj) : warning LNK4099: PDB 'sfml-graphics-s-d.pdb' was not found with 'sfml-graphics-s-d.lib(Transform.cpp.obj)' or at 'C:\Users\Daniel\Documents\Visual Studio 2010\Projects\MusicPlayer\Debug\sfml-graphics-s-d.pdb'; linking object as if no debug info
     1>sfml-graphics-s-d.lib(Transformable.cpp.obj) : warning LNK4099: PDB 'sfml-graphics-s-d.pdb' was not found with 'sfml-graphics-s-d.lib(Transformable.cpp.obj)' or at 'C:\Users\Daniel\Documents\Visual Studio 2010\Projects\MusicPlayer\Debug\sfml-graphics-s-d.pdb'; linking object as if no debug info
     1>sfml-graphics-s-d.lib(View.cpp.obj) : warning LNK4099: PDB 'sfml-graphics-s-d.pdb' was not found with 'sfml-graphics-s-d.lib(View.cpp.obj)' or at 'C:\Users\Daniel\Documents\Visual Studio 2010\Projects\MusicPlayer\Debug\sfml-graphics-s-d.pdb'; linking object as if no debug info
     1>sfml-graphics-s-d.lib(Vertex.cpp.obj) : warning LNK4099: PDB 'sfml-graphics-s-d.pdb' was not found with 'sfml-graphics-s-d.lib(Vertex.cpp.obj)' or at 'C:\Users\Daniel\Documents\Visual Studio 2010\Projects\MusicPlayer\Debug\sfml-graphics-s-d.pdb'; linking object as if no debug info
     1>sfml-graphics-s-d.lib(Shape.cpp.obj) : warning LNK4099: PDB 'sfml-graphics-s-d.pdb' was not found with 'sfml-graphics-s-d.lib(Shape.cpp.obj)' or at 'C:\Users\Daniel\Documents\Visual Studio 2010\Projects\MusicPlayer\Debug\sfml-graphics-s-d.pdb'; linking object as if no debug info
     1>sfml-graphics-s-d.lib(RectangleShape.cpp.obj) : warning LNK4099: PDB 'sfml-graphics-s-d.pdb' was not found with 'sfml-graphics-s-d.lib(RectangleShape.cpp.obj)' or at 'C:\Users\Daniel\Documents\Visual Studio 2010\Projects\MusicPlayer\Debug\sfml-graphics-s-d.pdb'; linking object as if no debug info
     1>sfml-graphics-s-d.lib(Sprite.cpp.obj) : warning LNK4099: PDB 'sfml-graphics-s-d.pdb' was not found with 'sfml-graphics-s-d.lib(Sprite.cpp.obj)' or at 'C:\Users\Daniel\Documents\Visual Studio 2010\Projects\MusicPlayer\Debug\sfml-graphics-s-d.pdb'; linking object as if no debug info
     1>sfml-graphics-s-d.lib(Text.cpp.obj) : warning LNK4099: PDB 'sfml-graphics-s-d.pdb' was not found with 'sfml-graphics-s-d.lib(Text.cpp.obj)' or at 'C:\Users\Daniel\Documents\Visual Studio 2010\Projects\MusicPlayer\Debug\sfml-graphics-s-d.pdb'; linking object as if no debug info
     1>sfml-graphics-s-d.lib(VertexArray.cpp.obj) : warning LNK4099: PDB 'sfml-graphics-s-d.pdb' was not found with 'sfml-graphics-s-d.lib(VertexArray.cpp.obj)' or at 'C:\Users\Daniel\Documents\Visual Studio 2010\Projects\MusicPlayer\Debug\sfml-graphics-s-d.pdb'; linking object as if no debug info
     1>sfml-window-s-d.lib(GlContext.cpp.obj) : warning LNK4099: PDB 'sfml-window-s-d.pdb' was not found with 'sfml-window-s-d.lib(GlContext.cpp.obj)' or at 'C:\Users\Daniel\Documents\Visual Studio 2010\Projects\MusicPlayer\Debug\sfml-window-s-d.pdb'; linking object as if no debug info
     1>sfml-window-s-d.lib(GlResource.cpp.obj) : warning LNK4099: PDB 'sfml-window-s-d.pdb' was not found with 'sfml-window-s-d.lib(GlResource.cpp.obj)' or at 'C:\Users\Daniel\Documents\Visual Studio 2010\Projects\MusicPlayer\Debug\sfml-window-s-d.pdb'; linking object as if no debug info
     1>sfml-window-s-d.lib(JoystickManager.cpp.obj) : warning LNK4099: PDB 'sfml-window-s-d.pdb' was not found with 'sfml-window-s-d.lib(JoystickManager.cpp.obj)' or at 'C:\Users\Daniel\Documents\Visual Studio 2010\Projects\MusicPlayer\Debug\sfml-window-s-d.pdb'; linking object as if no debug info
     1>sfml-window-s-d.lib(VideoMode.cpp.obj) : warning LNK4099: PDB 'sfml-window-s-d.pdb' was not found with 'sfml-window-s-d.lib(VideoMode.cpp.obj)' or at 'C:\Users\Daniel\Documents\Visual Studio 2010\Projects\MusicPlayer\Debug\sfml-window-s-d.pdb'; linking object as if no debug info
     1>sfml-window-s-d.lib(Window.cpp.obj) : warning LNK4099: PDB 'sfml-window-s-d.pdb' was not found with 'sfml-window-s-d.lib(Window.cpp.obj)' or at 'C:\Users\Daniel\Documents\Visual Studio 2010\Projects\MusicPlayer\Debug\sfml-window-s-d.pdb'; linking object as if no debug info
     1>sfml-window-s-d.lib(WindowImpl.cpp.obj) : warning LNK4099: PDB 'sfml-window-s-d.pdb' was not found with 'sfml-window-s-d.lib(WindowImpl.cpp.obj)' or at 'C:\Users\Daniel\Documents\Visual Studio 2010\Projects\MusicPlayer\Debug\sfml-window-s-d.pdb'; linking object as if no debug info
     1>sfml-window-s-d.lib(WglContext.cpp.obj) : warning LNK4099: PDB 'sfml-window-s-d.pdb' was not found with 'sfml-window-s-d.lib(WglContext.cpp.obj)' or at 'C:\Users\Daniel\Documents\Visual Studio 2010\Projects\MusicPlayer\Debug\sfml-window-s-d.pdb'; linking object as if no debug info
     1>sfml-window-s-d.lib(JoystickImpl.cpp.obj) : warning LNK4099: PDB 'sfml-window-s-d.pdb' was not found with 'sfml-window-s-d.lib(JoystickImpl.cpp.obj)' or at 'C:\Users\Daniel\Documents\Visual Studio 2010\Projects\MusicPlayer\Debug\sfml-window-s-d.pdb'; linking object as if no debug info
     1>sfml-window-s-d.lib(VideoModeImpl.cpp.obj) : warning LNK4099: PDB 'sfml-window-s-d.pdb' was not found with 'sfml-window-s-d.lib(VideoModeImpl.cpp.obj)' or at 'C:\Users\Daniel\Documents\Visual Studio 2010\Projects\MusicPlayer\Debug\sfml-window-s-d.pdb'; linking object as if no debug info
     1>sfml-window-s-d.lib(WindowImplWin32.cpp.obj) : warning LNK4099: PDB 'sfml-window-s-d.pdb' was not found with 'sfml-window-s-d.lib(WindowImplWin32.cpp.obj)' or at 'C:\Users\Daniel\Documents\Visual Studio 2010\Projects\MusicPlayer\Debug\sfml-window-s-d.pdb'; linking object as if no debug info
     1>sfml-system-s-d.lib(Clock.cpp.obj) : warning LNK4099: PDB 'sfml-system-s-d.pdb' was not found with 'sfml-system-s-d.lib(Clock.cpp.obj)' or at 'C:\Users\Daniel\Documents\Visual Studio 2010\Projects\MusicPlayer\Debug\sfml-system-s-d.pdb'; linking object as if no debug info
     1>sfml-system-s-d.lib(Err.cpp.obj) : warning LNK4099: PDB 'sfml-system-s-d.pdb' was not found with 'sfml-system-s-d.lib(Err.cpp.obj)' or at 'C:\Users\Daniel\Documents\Visual Studio 2010\Projects\MusicPlayer\Debug\sfml-system-s-d.pdb'; linking object as if no debug info
     1>sfml-system-s-d.lib(Lock.cpp.obj) : warning LNK4099: PDB 'sfml-system-s-d.pdb' was not found with 'sfml-system-s-d.lib(Lock.cpp.obj)' or at 'C:\Users\Daniel\Documents\Visual Studio 2010\Projects\MusicPlayer\Debug\sfml-system-s-d.pdb'; linking object as if no debug info
     1>sfml-system-s-d.lib(Mutex.cpp.obj) : warning LNK4099: PDB 'sfml-system-s-d.pdb' was not found with 'sfml-system-s-d.lib(Mutex.cpp.obj)' or at 'C:\Users\Daniel\Documents\Visual Studio 2010\Projects\MusicPlayer\Debug\sfml-system-s-d.pdb'; linking object as if no debug info
     1>sfml-system-s-d.lib(Sleep.cpp.obj) : warning LNK4099: PDB 'sfml-system-s-d.pdb' was not found with 'sfml-system-s-d.lib(Sleep.cpp.obj)' or at 'C:\Users\Daniel\Documents\Visual Studio 2010\Projects\MusicPlayer\Debug\sfml-system-s-d.pdb'; linking object as if no debug info
     1>sfml-system-s-d.lib(String.cpp.obj) : warning LNK4099: PDB 'sfml-system-s-d.pdb' was not found with 'sfml-system-s-d.lib(String.cpp.obj)' or at 'C:\Users\Daniel\Documents\Visual Studio 2010\Projects\MusicPlayer\Debug\sfml-system-s-d.pdb'; linking object as if no debug info
     1>sfml-system-s-d.lib(Thread.cpp.obj) : warning LNK4099: PDB 'sfml-system-s-d.pdb' was not found with 'sfml-system-s-d.lib(Thread.cpp.obj)' or at 'C:\Users\Daniel\Documents\Visual Studio 2010\Projects\MusicPlayer\Debug\sfml-system-s-d.pdb'; linking object as if no debug info
     1>sfml-system-s-d.lib(ThreadLocal.cpp.obj) : warning LNK4099: PDB 'sfml-system-s-d.pdb' was not found with 'sfml-system-s-d.lib(ThreadLocal.cpp.obj)' or at 'C:\Users\Daniel\Documents\Visual Studio 2010\Projects\MusicPlayer\Debug\sfml-system-s-d.pdb'; linking object as if no debug info
     1>sfml-system-s-d.lib(Time.cpp.obj) : warning LNK4099: PDB 'sfml-system-s-d.pdb' was not found with 'sfml-system-s-d.lib(Time.cpp.obj)' or at 'C:\Users\Daniel\Documents\Visual Studio 2010\Projects\MusicPlayer\Debug\sfml-system-s-d.pdb'; linking object as if no debug info
     1>sfml-system-s-d.lib(ClockImpl.cpp.obj) : warning LNK4099: PDB 'sfml-system-s-d.pdb' was not found with 'sfml-system-s-d.lib(ClockImpl.cpp.obj)' or at 'C:\Users\Daniel\Documents\Visual Studio 2010\Projects\MusicPlayer\Debug\sfml-system-s-d.pdb'; linking object as if no debug info
     1>sfml-system-s-d.lib(MutexImpl.cpp.obj) : warning LNK4099: PDB 'sfml-system-s-d.pdb' was not found with 'sfml-system-s-d.lib(MutexImpl.cpp.obj)' or at 'C:\Users\Daniel\Documents\Visual Studio 2010\Projects\MusicPlayer\Debug\sfml-system-s-d.pdb'; linking object as if no debug info
     1>sfml-system-s-d.lib(SleepImpl.cpp.obj) : warning LNK4099: PDB 'sfml-system-s-d.pdb' was not found with 'sfml-system-s-d.lib(SleepImpl.cpp.obj)' or at 'C:\Users\Daniel\Documents\Visual Studio 2010\Projects\MusicPlayer\Debug\sfml-system-s-d.pdb'; linking object as if no debug info
     1>sfml-system-s-d.lib(ThreadImpl.cpp.obj) : warning LNK4099: PDB 'sfml-system-s-d.pdb' was not found with 'sfml-system-s-d.lib(ThreadImpl.cpp.obj)' or at 'C:\Users\Daniel\Documents\Visual Studio 2010\Projects\MusicPlayer\Debug\sfml-system-s-d.pdb'; linking object as if no debug info
     1>sfml-system-s-d.lib(ThreadLocalImpl.cpp.obj) : warning LNK4099: PDB 'sfml-system-s-d.pdb' was not found with 'sfml-system-s-d.lib(ThreadLocalImpl.cpp.obj)' or at 'C:\Users\Daniel\Documents\Visual Studio 2010\Projects\MusicPlayer\Debug\sfml-system-s-d.pdb'; linking object as if no debug info
     1>sfml-audio-s-d.lib(ALCheck.cpp.obj) : warning LNK4099: PDB 'sfml-audio-s-d.pdb' was not found with 'sfml-audio-s-d.lib(ALCheck.cpp.obj)' or at 'C:\Users\Daniel\Documents\Visual Studio 2010\Projects\MusicPlayer\Debug\sfml-audio-s-d.pdb'; linking object as if no debug info
     1>sfml-audio-s-d.lib(AudioDevice.cpp.obj) : warning LNK4099: PDB 'sfml-audio-s-d.pdb' was not found with 'sfml-audio-s-d.lib(AudioDevice.cpp.obj)' or at 'C:\Users\Daniel\Documents\Visual Studio 2010\Projects\MusicPlayer\Debug\sfml-audio-s-d.pdb'; linking object as if no debug info
     1>sfml-audio-s-d.lib(Music.cpp.obj) : warning LNK4099: PDB 'sfml-audio-s-d.pdb' was not found with 'sfml-audio-s-d.lib(Music.cpp.obj)' or at 'C:\Users\Daniel\Documents\Visual Studio 2010\Projects\MusicPlayer\Debug\sfml-audio-s-d.pdb'; linking object as if no debug info
     1>sfml-audio-s-d.lib(SoundFile.cpp.obj) : warning LNK4099: PDB 'sfml-audio-s-d.pdb' was not found with 'sfml-audio-s-d.lib(SoundFile.cpp.obj)' or at 'C:\Users\Daniel\Documents\Visual Studio 2010\Projects\MusicPlayer\Debug\sfml-audio-s-d.pdb'; linking object as if no debug info
     1>sfml-audio-s-d.lib(SoundSource.cpp.obj) : warning LNK4099: PDB 'sfml-audio-s-d.pdb' was not found with 'sfml-audio-s-d.lib(SoundSource.cpp.obj)' or at 'C:\Users\Daniel\Documents\Visual Studio 2010\Projects\MusicPlayer\Debug\sfml-audio-s-d.pdb'; linking object as if no debug info
     1>sfml-audio-s-d.lib(SoundStream.cpp.obj) : warning LNK4099: PDB 'sfml-audio-s-d.pdb' was not found with 'sfml-audio-s-d.lib(SoundStream.cpp.obj)' or at 'C:\Users\Daniel\Documents\Visual Studio 2010\Projects\MusicPlayer\Debug\sfml-audio-s-d.pdb'; linking object as if no debug info
         MusicPlayer.vcxproj -> C:\Users\Daniel\Documents\Visual Studio 2010\Projects\MusicPlayer\Debug\MusicPlayer.exe
       Manifest:
         C:\Program Files (x86)\Microsoft SDKs\Windows\v7.0A\bin\mt.exe /nologo /verbose /outputresource:"C:\Users\Daniel\Documents\Visual Studio 2010\Projects\MusicPlayer\Debug\MusicPlayer.exe;#1" /manifest Debug\MusicPlayer.exe.intermediate.manifest
       FinalizeBuildStatus:
         Deleting file "Debug\MusicPlayer.unsuccessfulbuild".
         Touching "Debug\MusicPlayer.lastbuildstate".
     1>Done Building Project "C:\Users\Daniel\Documents\Visual Studio 2010\Projects\MusicPlayer\MusicPlayer\MusicPlayer.vcxproj" (build target(s)).

Build succeeded.

Time Elapsed 00:00:01.32
